ERROR grails.app.taglib.de.SchmitzekaterTagLib - No template found for auditLogEventLeft in path /auditLogEvent/
ERROR grails.app.taglib.de.SchmitzekaterTagLib - No template found for auditLogEventRight in path /auditLogEvent/
ERROR grails.app.taglib.de.SchmitzekaterTagLib - No template found for auditLogEventLeft in path /auditLogEvent/
ERROR grails.app.taglib.de.SchmitzekaterTagLib - No template found for auditLogEventRight in path /auditLogEvent/
ERROR grails.app.taglib.de.SchmitzekaterTagLib - No template found for auditLogEventLeft in path /auditLogEvent/
ERROR grails.app.taglib.de.SchmitzekaterTagLib - No template found for auditLogEventRight in path /auditLogEvent/
ERROR grails.app.taglib.de.SchmitzekaterTagLib - No template found for auditLogEventLeft in path /auditLogEvent/
ERROR grails.app.taglib.de.SchmitzekaterTagLib - No template found for auditLogEventRight in path /auditLogEvent/
ERROR grails.app.taglib.de.SchmitzekaterTagLib - No template found for auditLogEventLeft in path /auditLogEvent/
ERROR grails.app.taglib.de.SchmitzekaterTagLib - No template found for auditLogEventRight in path /auditLogEvent/
ERROR grails.app.taglib.de.SchmitzekaterTagLib - No template found for auditLogEventLeft in path /auditLogEvent/
ERROR grails.app.taglib.de.SchmitzekaterTagLib - No template found for auditLogEventRight in path /auditLogEvent/
ERROR grails.app.taglib.de.SchmitzekaterTagLib - No template found for auditLogEventLeft in path /auditLogEvent/
ERROR grails.app.taglib.de.SchmitzekaterTagLib - No template found for auditLogEventRight in path /auditLogEvent/
ERROR grails.app.taglib.de.SchmitzekaterTagLib - No template found for auditLogEventLeft in path /auditLogEvent/
ERROR grails.app.taglib.de.SchmitzekaterTagLib - No template found for auditLogEventRight in path /auditLogEvent/
ERROR grails.app.taglib.de.SchmitzekaterTagLib - No template found for auditLogEventLeft in path /auditLogEvent/
ERROR grails.app.taglib.de.SchmitzekaterTagLib - No template found for auditLogEventRight in path /auditLogEvent/
ERROR grails.app.taglib.de.SchmitzekaterTagLib - No template found for auditLogEventLeft in path /auditLogEvent/
ERROR grails.app.taglib.de.SchmitzekaterTagLib - No template found for auditLogEventRight in path /auditLogEvent/
ERROR grails.app.taglib.de.SchmitzekaterTagLib - No template found for auditLogEventLeft in path /auditLogEvent/
ERROR grails.app.taglib.de.SchmitzekaterTagLib - No template found for auditLogEventRight in path /auditLogEvent/
ERROR grails.app.taglib.de.SchmitzekaterTagLib - No template found for auditLogEventLeft in path /auditLogEvent/
ERROR grails.app.taglib.de.SchmitzekaterTagLib - No template found for auditLogEventRight in path /auditLogEvent/
ERROR grails.app.taglib.de.SchmitzekaterTagLib - No template found for personRight in path /person/
ERROR grails.app.taglib.de.SchmitzekaterTagLib - No template found for personRight in path /person/
ERROR org.grails.gsp.GroovyPagesTemplateEngine - Compilation error compiling GSP [view__person_show]:startup failed:
view__person_show: 56: unexpected char: ''' @ line 56, column 294.
   5, it) { return message(code: '
                                 ^

1 error

org.codehaus.groovy.control.MultipleCompilationErrorsException: startup failed:
view__person_show: 56: unexpected char: ''' @ line 56, column 294.
   5, it) { return message(code: '
                                 ^

1 error

	at org.codehaus.groovy.control.ErrorCollector.failIfErrors(ErrorCollector.java:310) ~[groovy-2.4.4.jar:2.4.4]
	at org.codehaus.groovy.control.ErrorCollector.addFatalError(ErrorCollector.java:150) ~[groovy-2.4.4.jar:2.4.4]
	at org.codehaus.groovy.control.ErrorCollector.addError(ErrorCollector.java:120) ~[groovy-2.4.4.jar:2.4.4]
	at org.codehaus.groovy.control.ErrorCollector.addError(ErrorCollector.java:132) ~[groovy-2.4.4.jar:2.4.4]
	at org.codehaus.groovy.control.SourceUnit.addError(SourceUnit.java:360) ~[groovy-2.4.4.jar:2.4.4]
	at org.codehaus.groovy.antlr.AntlrParserPlugin.transformCSTIntoAST(AntlrParserPlugin.java:140) ~[groovy-2.4.4.jar:2.4.4]
	at org.codehaus.groovy.antlr.AntlrParserPlugin.parseCST(AntlrParserPlugin.java:111) ~[groovy-2.4.4.jar:2.4.4]
	at org.codehaus.groovy.control.SourceUnit.parse(SourceUnit.java:237) ~[groovy-2.4.4.jar:2.4.4]
	at org.codehaus.groovy.control.CompilationUnit$1.call(CompilationUnit.java:167) ~[groovy-2.4.4.jar:2.4.4]
	at org.codehaus.groovy.control.CompilationUnit.applyToSourceUnits(CompilationUnit.java:931) ~[groovy-2.4.4.jar:2.4.4]
	at org.codehaus.groovy.control.CompilationUnit.doPhaseOperation(CompilationUnit.java:593) ~[groovy-2.4.4.jar:2.4.4]
	at org.codehaus.groovy.control.CompilationUnit.processPhaseOperations(CompilationUnit.java:569) ~[groovy-2.4.4.jar:2.4.4]
	at org.codehaus.groovy.control.CompilationUnit.compile(CompilationUnit.java:546) ~[groovy-2.4.4.jar:2.4.4]
	at groovy.lang.GroovyClassLoader.doParseClass(GroovyClassLoader.java:298) ~[groovy-2.4.4.jar:2.4.4]
	at groovy.lang.GroovyClassLoader.parseClass(GroovyClassLoader.java:268) ~[groovy-2.4.4.jar:2.4.4]
	at groovy.lang.GroovyClassLoader.parseClass(GroovyClassLoader.java:254) ~[groovy-2.4.4.jar:2.4.4]
	at groovy.lang.GroovyClassLoader.parseClass(GroovyClassLoader.java:212) ~[groovy-2.4.4.jar:2.4.4]
	at org.grails.gsp.GroovyPagesTemplateEngine.compileGroovyPage(GroovyPagesTemplateEngine.java:603) [grails-gsp-3.0.8.jar:3.0.8]
	at org.grails.gsp.GroovyPagesTemplateEngine.buildPageMetaInfo(GroovyPagesTemplateEngine.java:555) [grails-gsp-3.0.8.jar:3.0.8]
	at org.grails.gsp.GroovyPagesTemplateEngine.buildPageMetaInfo(GroovyPagesTemplateEngine.java:446) [grails-gsp-3.0.8.jar:3.0.8]
	at org.grails.gsp.GroovyPagesTemplateEngine$GroovyPagesTemplateEngineCacheEntry.updateValue(GroovyPagesTemplateEngine.java:136) [grails-gsp-3.0.8.jar:3.0.8]
	at org.grails.gsp.GroovyPagesTemplateEngine$GroovyPagesTemplateEngineCacheEntry.updateValue(GroovyPagesTemplateEngine.java:115) [grails-gsp-3.0.8.jar:3.0.8]
	at grails.util.CacheEntry.getValue(CacheEntry.java:144) [grails-core-3.0.8.jar:3.0.8]
	at grails.util.CacheEntry.getValue(CacheEntry.java:84) [grails-core-3.0.8.jar:3.0.8]
	at org.grails.gsp.GroovyPagesTemplateEngine.createTemplate(GroovyPagesTemplateEngine.java:282) [grails-gsp-3.0.8.jar:3.0.8]
	at org.grails.gsp.GroovyPagesTemplateEngine.createTemplate(GroovyPagesTemplateEngine.java:272) [grails-gsp-3.0.8.jar:3.0.8]
	at org.grails.gsp.GroovyPagesTemplateEngine.createTemplate(GroovyPagesTemplateEngine.java:251) [grails-gsp-3.0.8.jar:3.0.8]
	at grails.plugin.scaffolding.ScaffoldingViewResolver.loadView(ScaffoldingViewResolver.groovy:72) [scaffolding-3.1.2.jar:na]
	at org.springframework.web.servlet.view.AbstractCachingViewResolver.createView(AbstractCachingViewResolver.java:244) [spring-webmvc-4.1.7.RELEASE.jar:4.1.7.RELEASE]
	at org.springframework.web.servlet.view.UrlBasedViewResolver.createView(UrlBasedViewResolver.java:446) [spring-webmvc-4.1.7.RELEASE.jar:4.1.7.RELEASE]
	at org.springframework.web.servlet.view.AbstractCachingViewResolver.resolveViewName(AbstractCachingViewResolver.java:146) [spring-webmvc-4.1.7.RELEASE.jar:4.1.7.RELEASE]
	at org.grails.web.servlet.view.GroovyPageViewResolver.resolveViewName(GroovyPageViewResolver.java:86) [grails-web-gsp-3.0.8.jar:3.0.8]
	at org.grails.web.servlet.view.GrailsLayoutViewResolver.resolveViewName(GrailsLayoutViewResolver.java:50) [grails-web-gsp-3.0.8.jar:3.0.8]
	at org.springframework.web.servlet.DispatcherServlet.resolveViewName(DispatcherServlet.java:1283) [spring-webmvc-4.1.7.RELEASE.jar:4.1.7.RELEASE]
	at org.springframework.web.servlet.DispatcherServlet.render(DispatcherServlet.java:1224) [spring-webmvc-4.1.7.RELEASE.jar:4.1.7.RELEASE]
	at org.springframework.web.servlet.DispatcherServlet.processDispatchResult(DispatcherServlet.java:1027) [spring-webmvc-4.1.7.RELEASE.jar:4.1.7.RELEASE]
	at org.springframework.web.servlet.DispatcherServlet.doDispatch(DispatcherServlet.java:971) [spring-webmvc-4.1.7.RELEASE.jar:4.1.7.RELEASE]
	at org.springframework.web.servlet.DispatcherServlet.doService(DispatcherServlet.java:893) [spring-webmvc-4.1.7.RELEASE.jar:4.1.7.RELEASE]
	at org.springframework.web.servlet.FrameworkServlet.processRequest(FrameworkServlet.java:967) [spring-webmvc-4.1.7.RELEASE.jar:4.1.7.RELEASE]
	at org.springframework.web.servlet.FrameworkServlet.doGet(FrameworkServlet.java:858) [spring-webmvc-4.1.7.RELEASE.jar:4.1.7.RELEASE]
	at javax.servlet.http.HttpServlet.service(HttpServlet.java:622) [tomcat-embed-core-8.0.26.jar:8.0.26]
	at org.springframework.web.servlet.FrameworkServlet.service(FrameworkServlet.java:843) [spring-webmvc-4.1.7.RELEASE.jar:4.1.7.RELEASE]
	at javax.servlet.http.HttpServlet.service(HttpServlet.java:729) [tomcat-embed-core-8.0.26.jar:8.0.26]
	at org.apache.catalina.core.ApplicationFilterChain.internalDoFilter(ApplicationFilterChain.java:291) [tomcat-embed-core-8.0.26.jar:8.0.26]
	at org.apache.catalina.core.ApplicationFilterChain.doFilter(ApplicationFilterChain.java:206) [tomcat-embed-core-8.0.26.jar:8.0.26]
	at org.apache.tomcat.websocket.server.WsFilter.doFilter(WsFilter.java:52) [tomcat-embed-websocket-8.0.26.jar:8.0.26]
	at org.apache.catalina.core.ApplicationFilterChain.internalDoFilter(ApplicationFilterChain.java:239) [tomcat-embed-core-8.0.26.jar:8.0.26]
	at org.apache.catalina.core.ApplicationFilterChain.doFilter(ApplicationFilterChain.java:206) [tomcat-embed-core-8.0.26.jar:8.0.26]
	at org.springframework.boot.actuate.autoconfigure.EndpointWebMvcAutoConfiguration$ApplicationContextHeaderFilter.doFilterInternal(EndpointWebMvcAutoConfiguration.java:295) [spring-boot-actuator-1.2.6.RELEASE.jar:1.2.6.RELEASE]
	at org.springframework.web.filter.OncePerRequestFilter.doFilter(OncePerRequestFilter.java:107) [spring-web-4.1.7.RELEASE.jar:4.1.7.RELEASE]
	at org.apache.catalina.core.ApplicationFilterChain.internalDoFilter(ApplicationFilterChain.java:239) [tomcat-embed-core-8.0.26.jar:8.0.26]
	at org.apache.catalina.core.ApplicationFilterChain.doFilter(ApplicationFilterChain.java:206) [tomcat-embed-core-8.0.26.jar:8.0.26]
	at org.springframework.boot.actuate.trace.WebRequestTraceFilter.doFilterInternal(WebRequestTraceFilter.java:102) [spring-boot-actuator-1.2.6.RELEASE.jar:1.2.6.RELEASE]
	at org.springframework.web.filter.OncePerRequestFilter.doFilter(OncePerRequestFilter.java:107) [spring-web-4.1.7.RELEASE.jar:4.1.7.RELEASE]
	at org.apache.catalina.core.ApplicationFilterChain.internalDoFilter(ApplicationFilterChain.java:239) [tomcat-embed-core-8.0.26.jar:8.0.26]
	at org.apache.catalina.core.ApplicationFilterChain.doFilter(ApplicationFilterChain.java:206) [tomcat-embed-core-8.0.26.jar:8.0.26]
	at org.grails.web.servlet.mvc.GrailsWebRequestFilter.doFilterInternal(GrailsWebRequestFilter.java:73) [grails-web-mvc-3.0.8.jar:3.0.8]
	at org.springframework.web.filter.OncePerRequestFilter.doFilter(OncePerRequestFilter.java:107) [spring-web-4.1.7.RELEASE.jar:4.1.7.RELEASE]
	at org.apache.catalina.core.ApplicationFilterChain.internalDoFilter(ApplicationFilterChain.java:239) [tomcat-embed-core-8.0.26.jar:8.0.26]
	at org.apache.catalina.core.ApplicationFilterChain.doFilter(ApplicationFilterChain.java:206) [tomcat-embed-core-8.0.26.jar:8.0.26]
	at org.grails.web.filters.HiddenHttpMethodFilter.doFilterInternal(HiddenHttpMethodFilter.java:67) [grails-web-mvc-3.0.8.jar:3.0.8]
	at org.springframework.web.filter.OncePerRequestFilter.doFilter(OncePerRequestFilter.java:107) [spring-web-4.1.7.RELEASE.jar:4.1.7.RELEASE]
	at org.apache.catalina.core.ApplicationFilterChain.internalDoFilter(ApplicationFilterChain.java:239) [tomcat-embed-core-8.0.26.jar:8.0.26]
	at org.apache.catalina.core.ApplicationFilterChain.doFilter(ApplicationFilterChain.java:206) [tomcat-embed-core-8.0.26.jar:8.0.26]
	at org.springframework.web.filter.CharacterEncodingFilter.doFilterInternal(CharacterEncodingFilter.java:85) [spring-web-4.1.7.RELEASE.jar:4.1.7.RELEASE]
	at org.springframework.web.filter.OncePerRequestFilter.doFilter(OncePerRequestFilter.java:107) [spring-web-4.1.7.RELEASE.jar:4.1.7.RELEASE]
	at org.apache.catalina.core.ApplicationFilterChain.internalDoFilter(ApplicationFilterChain.java:239) [tomcat-embed-core-8.0.26.jar:8.0.26]
	at org.apache.catalina.core.ApplicationFilterChain.doFilter(ApplicationFilterChain.java:206) [tomcat-embed-core-8.0.26.jar:8.0.26]
	at org.springframework.boot.actuate.autoconfigure.MetricsFilter.doFilterInternal(MetricsFilter.java:69) [spring-boot-actuator-1.2.6.RELEASE.jar:1.2.6.RELEASE]
	at org.springframework.web.filter.OncePerRequestFilter.doFilter(OncePerRequestFilter.java:107) [spring-web-4.1.7.RELEASE.jar:4.1.7.RELEASE]
	at org.apache.catalina.core.ApplicationFilterChain.internalDoFilter(ApplicationFilterChain.java:239) [tomcat-embed-core-8.0.26.jar:8.0.26]
	at org.apache.catalina.core.ApplicationFilterChain.doFilter(ApplicationFilterChain.java:206) [tomcat-embed-core-8.0.26.jar:8.0.26]
	at org.apache.catalina.core.StandardWrapperValve.invoke(StandardWrapperValve.java:219) [tomcat-embed-core-8.0.26.jar:8.0.26]
	at org.apache.catalina.core.StandardContextValve.invoke(StandardContextValve.java:106) [tomcat-embed-core-8.0.26.jar:8.0.26]
	at org.apache.catalina.authenticator.AuthenticatorBase.invoke(AuthenticatorBase.java:502) [tomcat-embed-core-8.0.26.jar:8.0.26]
	at org.apache.catalina.core.StandardHostValve.invoke(StandardHostValve.java:142) [tomcat-embed-core-8.0.26.jar:8.0.26]
	at org.apache.catalina.valves.ErrorReportValve.invoke(ErrorReportValve.java:79) [tomcat-embed-core-8.0.26.jar:8.0.26]
	at org.apache.catalina.core.StandardEngineValve.invoke(StandardEngineValve.java:88) [tomcat-embed-core-8.0.26.jar:8.0.26]
	at org.apache.catalina.connector.CoyoteAdapter.service(CoyoteAdapter.java:518) [tomcat-embed-core-8.0.26.jar:8.0.26]
	at org.apache.coyote.http11.AbstractHttp11Processor.process(AbstractHttp11Processor.java:1091) [tomcat-embed-core-8.0.26.jar:8.0.26]
	at org.apache.coyote.AbstractProtocol$AbstractConnectionHandler.process(AbstractProtocol.java:673) [tomcat-embed-core-8.0.26.jar:8.0.26]
	at org.apache.tomcat.util.net.NioEndpoint$SocketProcessor.doRun(NioEndpoint.java:1526) [tomcat-embed-core-8.0.26.jar:8.0.26]
	at org.apache.tomcat.util.net.NioEndpoint$SocketProcessor.run(NioEndpoint.java:1482) [tomcat-embed-core-8.0.26.jar:8.0.26]
	at java.util.concurrent.ThreadPoolExecutor.runWorker(ThreadPoolExecutor.java:1142) [na:1.8.0_05]
	at java.util.concurrent.ThreadPoolExecutor$Worker.run(ThreadPoolExecutor.java:617) [na:1.8.0_05]
	at org.apache.tomcat.util.threads.TaskThread$WrappingRunnable.run(TaskThread.java:61) [tomcat-embed-core-8.0.26.jar:8.0.26]
	at java.lang.Thread.run(Thread.java:745) [na:1.8.0_05]
ERROR org.apache.catalina.core.ContainerBase.[Tomcat].[localhost].[/].[grailsDispatcherServlet] - Servlet.service() for servlet [grailsDispatcherServlet] in context with path [] threw exception [Request processing failed; nested exception is org.grails.gsp.GroovyPagesException: Could not parse script [view:/person/show]: startup failed:
view__person_show: 56: unexpected char: ''' @ line 56, column 294.
   5, it) { return message(code: '
                                 ^

1 error
] with root cause
org.codehaus.groovy.control.MultipleCompilationErrorsException: startup failed:
view__person_show: 56: unexpected char: ''' @ line 56, column 294.
   5, it) { return message(code: '
                                 ^

1 error

	at org.codehaus.groovy.control.ErrorCollector.failIfErrors(ErrorCollector.java:310) ~[groovy-2.4.4.jar:2.4.4]
	at org.codehaus.groovy.control.ErrorCollector.addFatalError(ErrorCollector.java:150) ~[groovy-2.4.4.jar:2.4.4]
	at org.codehaus.groovy.control.ErrorCollector.addError(ErrorCollector.java:120) ~[groovy-2.4.4.jar:2.4.4]
	at org.codehaus.groovy.control.ErrorCollector.addError(ErrorCollector.java:132) ~[groovy-2.4.4.jar:2.4.4]
	at org.codehaus.groovy.control.SourceUnit.addError(SourceUnit.java:360) ~[groovy-2.4.4.jar:2.4.4]
	at org.codehaus.groovy.antlr.AntlrParserPlugin.transformCSTIntoAST(AntlrParserPlugin.java:140) ~[groovy-2.4.4.jar:2.4.4]
	at org.codehaus.groovy.antlr.AntlrParserPlugin.parseCST(AntlrParserPlugin.java:111) ~[groovy-2.4.4.jar:2.4.4]
	at org.codehaus.groovy.control.SourceUnit.parse(SourceUnit.java:237) ~[groovy-2.4.4.jar:2.4.4]
	at org.codehaus.groovy.control.CompilationUnit$1.call(CompilationUnit.java:167) ~[groovy-2.4.4.jar:2.4.4]
	at org.codehaus.groovy.control.CompilationUnit.applyToSourceUnits(CompilationUnit.java:931) ~[groovy-2.4.4.jar:2.4.4]
	at org.codehaus.groovy.control.CompilationUnit.doPhaseOperation(CompilationUnit.java:593) ~[groovy-2.4.4.jar:2.4.4]
	at org.codehaus.groovy.control.CompilationUnit.processPhaseOperations(CompilationUnit.java:569) ~[groovy-2.4.4.jar:2.4.4]
	at org.codehaus.groovy.control.CompilationUnit.compile(CompilationUnit.java:546) ~[groovy-2.4.4.jar:2.4.4]
	at grails.util.CacheEntry.getValue(CacheEntry.java:144) ~[grails-core-3.0.8.jar:3.0.8]
	at grails.util.CacheEntry.getValue(CacheEntry.java:84) ~[grails-core-3.0.8.jar:3.0.8]
	at grails.plugin.scaffolding.ScaffoldingViewResolver.loadView(ScaffoldingViewResolver.groovy:72) ~[scaffolding-3.1.2.jar:na]
	at java.util.concurrent.ThreadPoolExecutor.runWorker(ThreadPoolExecutor.java:1142) ~[na:1.8.0_05]
	at java.util.concurrent.ThreadPoolExecutor$Worker.run(ThreadPoolExecutor.java:617) ~[na:1.8.0_05]
	at java.lang.Thread.run(Thread.java:745) [na:1.8.0_05]
ERROR grails.app.taglib.de.SchmitzekaterTagLib - No template found for personRight in path /person/
ERROR grails.app.taglib.de.SchmitzekaterTagLib - No template found for personRight in path /person/
ERROR grails.app.taglib.de.SchmitzekaterTagLib - No template found for auditLogEventLeft in path /auditLogEvent/
ERROR grails.app.taglib.de.SchmitzekaterTagLib - No template found for auditLogEventRight in path /auditLogEvent/
ERROR grails.app.taglib.de.SchmitzekaterTagLib - No template found for auditLogEventLeft in path /auditLogEvent/
ERROR grails.app.taglib.de.SchmitzekaterTagLib - No template found for auditLogEventRight in path /auditLogEvent/
ERROR grails.app.taglib.de.SchmitzekaterTagLib - No template found for auditLogEventLeft in path /auditLogEvent/
ERROR grails.app.taglib.de.SchmitzekaterTagLib - No template found for auditLogEventRight in path /auditLogEvent/
ERROR grails.app.taglib.de.SchmitzekaterTagLib - No template found for auditLogEventLeft in path /auditLogEvent/
ERROR grails.app.taglib.de.SchmitzekaterTagLib - No template found for auditLogEventRight in path /auditLogEvent/
ERROR grails.app.taglib.de.SchmitzekaterTagLib - No template found for auditLogEventLeft in path /auditLogEvent/
ERROR grails.app.taglib.de.SchmitzekaterTagLib - No template found for auditLogEventRight in path /auditLogEvent/
