ERROR org.hibernate.engine.jdbc.spi.SqlExceptionHelper - NULL nicht zulässig für Feld "CALIB_INTERVAL"
NULL not allowed for column "CALIB_INTERVAL"; SQL statement:
insert into qualifiable_object (id, version, computer_id, software_iq_oq, software_name, software_vendor_id, software_version, system_id, class) values (null, ?, ?, ?, ?, ?, ?, ?, 'de.schmitzekater.Software') [23502-176]
ERROR grails.boot.GrailsApp - Application startup failed
org.springframework.dao.DataIntegrityViolationException: Hibernate operation: could not execute statement; SQL [n/a]; NULL nicht zulässig für Feld "CALIB_INTERVAL"
NULL not allowed for column "CALIB_INTERVAL"; SQL statement:
insert into qualifiable_object (id, version, computer_id, software_iq_oq, software_name, software_vendor_id, software_version, system_id, class) values (null, ?, ?, ?, ?, ?, ?, ?, 'de.schmitzekater.Software') [23502-176]; nested exception is org.h2.jdbc.JdbcSQLException: NULL nicht zulässig für Feld "CALIB_INTERVAL"
NULL not allowed for column "CALIB_INTERVAL"; SQL statement:
insert into qualifiable_object (id, version, computer_id, software_iq_oq, software_name, software_vendor_id, software_version, system_id, class) values (null, ?, ?, ?, ?, ?, ?, ?, 'de.schmitzekater.Software') [23502-176]
	at org.springframework.jdbc.support.SQLErrorCodeSQLExceptionTranslator.doTranslate(SQLErrorCodeSQLExceptionTranslator.java:243) ~[spring-jdbc-4.1.7.RELEASE.jar:4.1.7.RELEASE]
	at org.springframework.jdbc.support.AbstractFallbackSQLExceptionTranslator.translate(AbstractFallbackSQLExceptionTranslator.java:73) ~[spring-jdbc-4.1.7.RELEASE.jar:4.1.7.RELEASE]
	at org.grails.orm.hibernate.GrailsHibernateTemplate.convertJdbcAccessException(GrailsHibernateTemplate.java:623) ~[grails-datastore-gorm-hibernate4-4.0.6.RELEASE.jar:na]
	at org.grails.orm.hibernate.GrailsHibernateTemplate.convertHibernateAccessException(GrailsHibernateTemplate.java:611) ~[grails-datastore-gorm-hibernate4-4.0.6.RELEASE.jar:na]
	at org.grails.orm.hibernate.GrailsHibernateTemplate.doExecute(GrailsHibernateTemplate.java:202) ~[grails-datastore-gorm-hibernate4-4.0.6.RELEASE.jar:na]
	at org.grails.orm.hibernate.GrailsHibernateTemplate.execute(GrailsHibernateTemplate.java:142) ~[grails-datastore-gorm-hibernate4-4.0.6.RELEASE.jar:na]
	at org.grails.orm.hibernate.GrailsHibernateTemplate.execute(GrailsHibernateTemplate.java:112) ~[grails-datastore-gorm-hibernate4-4.0.6.RELEASE.jar:na]
	at org.grails.orm.hibernate.AbstractHibernateGormInstanceApi.performSave(AbstractHibernateGormInstanceApi.groovy:254) ~[grails-datastore-gorm-hibernate-core-4.0.6.RELEASE.jar:na]
	at org.grails.orm.hibernate.AbstractHibernateGormInstanceApi.save(AbstractHibernateGormInstanceApi.groovy:179) ~[grails-datastore-gorm-hibernate-core-4.0.6.RELEASE.jar:na]
	at org.grails.orm.hibernate.AbstractHibernateGormInstanceApi$save.call(Unknown Source) ~[na:na]
	at org.codehaus.groovy.runtime.callsite.CallSiteArray.defaultCall(CallSiteArray.java:48) [groovy-2.4.4.jar:2.4.4]
	at org.grails.orm.hibernate.AbstractHibernateGormInstanceApi$save.call(Unknown Source) ~[na:na]
	at org.grails.datastore.gorm.GormEntity$Trait$Helper.save(GormEntity.groovy:165) ~[grails-datastore-gorm-4.0.6.RELEASE.jar:na]
	at org.grails.datastore.gorm.GormEntity$Trait$Helper$save$3.call(Unknown Source) ~[na:na]
	at org.codehaus.groovy.runtime.callsite.CallSiteArray.defaultCall(CallSiteArray.java:48) [groovy-2.4.4.jar:2.4.4]
	at org.codehaus.groovy.runtime.callsite.AbstractCallSite.call(AbstractCallSite.java:113) [groovy-2.4.4.jar:2.4.4]
	at org.codehaus.groovy.runtime.callsite.AbstractCallSite.call(AbstractCallSite.java:133) [groovy-2.4.4.jar:2.4.4]
	at de.schmitzekater.Software.save(Software.groovy) ~[main/:na]
	at de.schmitzekater.Software.save(Software.groovy) ~[main/:na]
	at org.grails.datastore.gorm.GormEntity$save.call(Unknown Source) ~[na:na]
	at org.codehaus.groovy.runtime.callsite.CallSiteArray.defaultCall(CallSiteArray.java:48) [groovy-2.4.4.jar:2.4.4]
	at org.codehaus.groovy.runtime.callsite.AbstractCallSite.call(AbstractCallSite.java:113) [groovy-2.4.4.jar:2.4.4]
	at org.codehaus.groovy.runtime.callsite.AbstractCallSite.call(AbstractCallSite.java:125) [groovy-2.4.4.jar:2.4.4]
	at BootStrap.createSoftware(BootStrap.groovy:49) ~[main/:na]
	at sun.reflect.NativeMethodAccessorImpl.invoke0(Native Method) ~[na:1.8.0_05]
	at sun.reflect.NativeMethodAccessorImpl.invoke(NativeMethodAccessorImpl.java:62) ~[na:1.8.0_05]
	at sun.reflect.DelegatingMethodAccessorImpl.invoke(DelegatingMethodAccessorImpl.java:43) ~[na:1.8.0_05]
	at java.lang.reflect.Method.invoke(Method.java:483) ~[na:1.8.0_05]
	at org.springsource.loaded.ri.ReflectiveInterceptor.jlrMethodInvoke(ReflectiveInterceptor.java:1426) ~[springloaded-1.2.4.RELEASE.jar:1.2.4.RELEASE]
	at org.codehaus.groovy.reflection.CachedMethod.invoke(CachedMethod.java:93) ~[groovy-2.4.4.jar:2.4.4]
	at groovy.lang.MetaMethod.doMethodInvoke(MetaMethod.java:325) ~[groovy-2.4.4.jar:2.4.4]
	at org.codehaus.groovy.runtime.metaclass.ClosureMetaClass.invokeMethod(ClosureMetaClass.java:384) ~[groovy-2.4.4.jar:2.4.4]
	at groovy.lang.MetaClassImpl.invokeMethod(MetaClassImpl.java:1019) ~[groovy-2.4.4.jar:2.4.4]
	at org.codehaus.groovy.runtime.callsite.PogoMetaClassSite.callCurrent(PogoMetaClassSite.java:69) ~[groovy-2.4.4.jar:2.4.4]
	at org.codehaus.groovy.runtime.callsite.CallSiteArray.defaultCallCurrent(CallSiteArray.java:52) [groovy-2.4.4.jar:2.4.4]
	at org.codehaus.groovy.runtime.callsite.AbstractCallSite.callCurrent(AbstractCallSite.java:154) [groovy-2.4.4.jar:2.4.4]
	at org.codehaus.groovy.runtime.callsite.AbstractCallSite.callCurrent(AbstractCallSite.java:158) [groovy-2.4.4.jar:2.4.4]
	at BootStrap$_closure1$_closure3$_closure4.doCall(BootStrap.groovy:15) ~[main/:na]
	at BootStrap$_closure1$_closure3$_closure4.doCall(BootStrap.groovy) ~[main/:na]
	at sun.reflect.NativeMethodAccessorImpl.invoke0(Native Method) ~[na:1.8.0_05]
	at sun.reflect.NativeMethodAccessorImpl.invoke(NativeMethodAccessorImpl.java:62) ~[na:1.8.0_05]
	at sun.reflect.DelegatingMethodAccessorImpl.invoke(DelegatingMethodAccessorImpl.java:43) ~[na:1.8.0_05]
	at java.lang.reflect.Method.invoke(Method.java:483) ~[na:1.8.0_05]
	at org.springsource.loaded.ri.ReflectiveInterceptor.jlrMethodInvoke(ReflectiveInterceptor.java:1426) ~[springloaded-1.2.4.RELEASE.jar:1.2.4.RELEASE]
	at org.codehaus.groovy.reflection.CachedMethod.invoke(CachedMethod.java:93) ~[groovy-2.4.4.jar:2.4.4]
	at groovy.lang.MetaMethod.doMethodInvoke(MetaMethod.java:325) ~[groovy-2.4.4.jar:2.4.4]
	at org.codehaus.groovy.runtime.metaclass.ClosureMetaClass.invokeMethod(ClosureMetaClass.java:294) ~[groovy-2.4.4.jar:2.4.4]
	at groovy.lang.MetaClassImpl.invokeMethod(MetaClassImpl.java:1019) ~[groovy-2.4.4.jar:2.4.4]
	at groovy.lang.Closure.call(Closure.java:426) ~[groovy-2.4.4.jar:2.4.4]
	at BootStrap$_closure1$_closure3$_closure4.call(BootStrap.groovy) ~[main/:na]
	at groovy.lang.Closure.call(Closure.java:420) ~[groovy-2.4.4.jar:2.4.4]
	at BootStrap$_closure1$_closure3$_closure4.call(BootStrap.groovy) ~[main/:na]
	at grails.util.Environment$EnvironmentBlockEvaluator.execute(Environment.java:358) ~[grails-bootstrap-3.0.8.jar:3.0.8]
	at grails.util.Environment.executeForEnvironment(Environment.java:339) ~[grails-bootstrap-3.0.8.jar:3.0.8]
	at grails.util.Environment.executeForCurrentEnvironment(Environment.java:314) ~[grails-bootstrap-3.0.8.jar:3.0.8]
	at org.grails.web.servlet.boostrap.DefaultGrailsBootstrapClass.callInit(DefaultGrailsBootstrapClass.java:62) ~[grails-web-3.0.8.jar:3.0.8]
	at org.grails.web.servlet.context.GrailsConfigUtils.executeGrailsBootstraps(GrailsConfigUtils.java:65) ~[grails-web-3.0.8.jar:3.0.8]
	at org.grails.plugins.web.servlet.context.BootStrapClassRunner.onStartup(BootStrapClassRunner.groovy:53) ~[grails-plugin-controllers-3.0.8.jar:3.0.8]
	at grails.boot.config.GrailsApplicationPostProcessor.onApplicationEvent(GrailsApplicationPostProcessor.groovy:229) ~[grails-core-3.0.8.jar:3.0.8]
	at grails.boot.config.GrailsApplicationPostProcessor.onApplicationEvent(GrailsApplicationPostProcessor.groovy) ~[grails-core-3.0.8.jar:3.0.8]
	at org.springframework.context.event.SimpleApplicationEventMulticaster.invokeListener(SimpleApplicationEventMulticaster.java:151) ~[spring-context-4.1.7.RELEASE.jar:4.1.7.RELEASE]
	at org.springframework.context.event.SimpleApplicationEventMulticaster.multicastEvent(SimpleApplicationEventMulticaster.java:128) ~[spring-context-4.1.7.RELEASE.jar:4.1.7.RELEASE]
	at org.springframework.context.support.AbstractApplicationContext.publishEvent(AbstractApplicationContext.java:331) ~[spring-context-4.1.7.RELEASE.jar:4.1.7.RELEASE]
	at org.springframework.context.support.AbstractApplicationContext.finishRefresh(AbstractApplicationContext.java:773) ~[spring-context-4.1.7.RELEASE.jar:4.1.7.RELEASE]
	at org.springframework.boot.context.embedded.EmbeddedWebApplicationContext.finishRefresh(EmbeddedWebApplicationContext.java:140) ~[spring-boot-1.2.6.RELEASE.jar:1.2.6.RELEASE]
	at org.springframework.context.support.AbstractApplicationContext.refresh(AbstractApplicationContext.java:483) ~[spring-context-4.1.7.RELEASE.jar:4.1.7.RELEASE]
	at org.springframework.boot.context.embedded.EmbeddedWebApplicationContext.refresh(EmbeddedWebApplicationContext.java:118) ~[spring-boot-1.2.6.RELEASE.jar:1.2.6.RELEASE]
	at org.springframework.boot.SpringApplication.refresh(SpringApplication.java:687) ~[spring-boot-1.2.6.RELEASE.jar:1.2.6.RELEASE]
	at org.springframework.boot.SpringApplication.run(SpringApplication.java:321) ~[spring-boot-1.2.6.RELEASE.jar:1.2.6.RELEASE]
	at grails.boot.GrailsApp.run(GrailsApp.groovy:52) [grails-core-3.0.8.jar:3.0.8]
	at grails.boot.GrailsApp.run(GrailsApp.groovy:330) [grails-core-3.0.8.jar:3.0.8]
	at grails.boot.GrailsApp.run(GrailsApp.groovy:319) [grails-core-3.0.8.jar:3.0.8]
	at grails.boot.GrailsApp$run.call(Unknown Source) [grails-core-3.0.8.jar:3.0.8]
	at org.codehaus.groovy.runtime.callsite.CallSiteArray.defaultCall(CallSiteArray.java:48) [groovy-2.4.4.jar:2.4.4]
	at org.codehaus.groovy.runtime.callsite.AbstractCallSite.call(AbstractCallSite.java:113) [groovy-2.4.4.jar:2.4.4]
	at org.codehaus.groovy.runtime.callsite.AbstractCallSite.call(AbstractCallSite.java:133) [groovy-2.4.4.jar:2.4.4]
	at cosintest.Application.main(Application.groovy:8) [main/:na]
Caused by: org.h2.jdbc.JdbcSQLException: NULL nicht zulässig für Feld "CALIB_INTERVAL"
NULL not allowed for column "CALIB_INTERVAL"; SQL statement:
insert into qualifiable_object (id, version, computer_id, software_iq_oq, software_name, software_vendor_id, software_version, system_id, class) values (null, ?, ?, ?, ?, ?, ?, ?, 'de.schmitzekater.Software') [23502-176]
	at org.h2.message.DbException.getJdbcSQLException(DbException.java:344) ~[h2-1.3.176.jar:1.3.176]
	at org.h2.message.DbException.get(DbException.java:178) ~[h2-1.3.176.jar:1.3.176]
	at org.h2.message.DbException.get(DbException.java:154) ~[h2-1.3.176.jar:1.3.176]
	at org.h2.table.Column.validateConvertUpdateSequence(Column.java:308) ~[h2-1.3.176.jar:1.3.176]
	at org.h2.table.Table.validateConvertUpdateSequence(Table.java:726) ~[h2-1.3.176.jar:1.3.176]
	at org.h2.command.dml.Insert.insertRows(Insert.java:152) ~[h2-1.3.176.jar:1.3.176]
	at org.h2.command.dml.Insert.update(Insert.java:115) ~[h2-1.3.176.jar:1.3.176]
	at org.h2.command.CommandContainer.update(CommandContainer.java:79) ~[h2-1.3.176.jar:1.3.176]
	at org.h2.command.Command.executeUpdate(Command.java:254) ~[h2-1.3.176.jar:1.3.176]
	at org.h2.jdbc.JdbcPreparedStatement.executeUpdateInternal(JdbcPreparedStatement.java:158) ~[h2-1.3.176.jar:1.3.176]
	at org.h2.jdbc.JdbcPreparedStatement.executeUpdate(JdbcPreparedStatement.java:144) ~[h2-1.3.176.jar:1.3.176]
	at org.hibernate.engine.jdbc.internal.ResultSetReturnImpl.executeUpdate(ResultSetReturnImpl.java:208) ~[hibernate-core-4.3.11.Final.jar:4.3.11.Final]
	at org.hibernate.id.IdentityGenerator$GetGeneratedKeysDelegate.executeAndExtract(IdentityGenerator.java:96) ~[hibernate-core-4.3.11.Final.jar:4.3.11.Final]
	at org.hibernate.id.insert.AbstractReturningDelegate.performInsert(AbstractReturningDelegate.java:58) ~[hibernate-core-4.3.11.Final.jar:4.3.11.Final]
	at org.hibernate.persister.entity.AbstractEntityPersister.insert(AbstractEntityPersister.java:3032) ~[hibernate-core-4.3.11.Final.jar:4.3.11.Final]
	at org.hibernate.persister.entity.AbstractEntityPersister.insert(AbstractEntityPersister.java:3558) ~[hibernate-core-4.3.11.Final.jar:4.3.11.Final]
	at org.hibernate.action.internal.EntityIdentityInsertAction.execute(EntityIdentityInsertAction.java:98) ~[hibernate-core-4.3.11.Final.jar:4.3.11.Final]
	at org.hibernate.engine.spi.ActionQueue.execute(ActionQueue.java:492) ~[hibernate-core-4.3.11.Final.jar:4.3.11.Final]
	at org.hibernate.engine.spi.ActionQueue.addResolvedEntityInsertAction(ActionQueue.java:197) ~[hibernate-core-4.3.11.Final.jar:4.3.11.Final]
	at org.hibernate.engine.spi.ActionQueue.addInsertAction(ActionQueue.java:181) ~[hibernate-core-4.3.11.Final.jar:4.3.11.Final]
	at org.hibernate.engine.spi.ActionQueue.addAction(ActionQueue.java:216) ~[hibernate-core-4.3.11.Final.jar:4.3.11.Final]
	at org.hibernate.event.internal.AbstractSaveEventListener.addInsertAction(AbstractSaveEventListener.java:334) ~[hibernate-core-4.3.11.Final.jar:4.3.11.Final]
	at org.hibernate.event.internal.AbstractSaveEventListener.performSaveOrReplicate(AbstractSaveEventListener.java:289) ~[hibernate-core-4.3.11.Final.jar:4.3.11.Final]
	at org.hibernate.event.internal.AbstractSaveEventListener.performSave(AbstractSaveEventListener.java:195) ~[hibernate-core-4.3.11.Final.jar:4.3.11.Final]
	at org.hibernate.event.internal.AbstractSaveEventListener.saveWithGeneratedId(AbstractSaveEventListener.java:126) ~[hibernate-core-4.3.11.Final.jar:4.3.11.Final]
	at org.hibernate.event.internal.DefaultSaveOrUpdateEventListener.saveWithGeneratedOrRequestedId(DefaultSaveOrUpdateEventListener.java:209) ~[hibernate-core-4.3.11.Final.jar:4.3.11.Final]
	at org.hibernate.event.internal.DefaultSaveOrUpdateEventListener.entityIsTransient(DefaultSaveOrUpdateEventListener.java:194) ~[hibernate-core-4.3.11.Final.jar:4.3.11.Final]
	at org.hibernate.event.internal.DefaultSaveOrUpdateEventListener.performSaveOrUpdate(DefaultSaveOrUpdateEventListener.java:114) ~[hibernate-core-4.3.11.Final.jar:4.3.11.Final]
	at org.hibernate.event.internal.DefaultSaveOrUpdateEventListener.onSaveOrUpdate(DefaultSaveOrUpdateEventListener.java:90) ~[hibernate-core-4.3.11.Final.jar:4.3.11.Final]
	at org.grails.orm.hibernate.support.ClosureEventTriggeringInterceptor.onSaveOrUpdate(ClosureEventTriggeringInterceptor.java:113) ~[grails-datastore-gorm-hibernate4-4.0.6.RELEASE.jar:na]
	at org.hibernate.internal.SessionImpl.fireSaveOrUpdate(SessionImpl.java:684) ~[hibernate-core-4.3.11.Final.jar:4.3.11.Final]
	at org.hibernate.internal.SessionImpl.saveOrUpdate(SessionImpl.java:676) ~[hibernate-core-4.3.11.Final.jar:4.3.11.Final]
	at org.hibernate.internal.SessionImpl.saveOrUpdate(SessionImpl.java:671) ~[hibernate-core-4.3.11.Final.jar:4.3.11.Final]
	at org.grails.orm.hibernate.AbstractHibernateGormInstanceApi$_performSave_closure3.doCall(AbstractHibernateGormInstanceApi.groovy:255) ~[grails-datastore-gorm-hibernate-core-4.0.6.RELEASE.jar:na]
	at sun.reflect.GeneratedMethodAccessor209.invoke(Unknown Source) ~[na:na]
	at sun.reflect.DelegatingMethodAccessorImpl.invoke(DelegatingMethodAccessorImpl.java:43) ~[na:1.8.0_05]
	at java.lang.reflect.Method.invoke(Method.java:483) ~[na:1.8.0_05]
	at org.springsource.loaded.ri.ReflectiveInterceptor.jlrMethodInvoke(ReflectiveInterceptor.java:1426) ~[springloaded-1.2.4.RELEASE.jar:1.2.4.RELEASE]
	at org.codehaus.groovy.reflection.CachedMethod.invoke(CachedMethod.java:93) ~[groovy-2.4.4.jar:2.4.4]
	at groovy.lang.MetaMethod.doMethodInvoke(MetaMethod.java:325) ~[groovy-2.4.4.jar:2.4.4]
	at org.codehaus.groovy.runtime.metaclass.ClosureMetaClass.invokeMethod(ClosureMetaClass.java:294) ~[groovy-2.4.4.jar:2.4.4]
	at groovy.lang.MetaClassImpl.invokeMethod(MetaClassImpl.java:1019) ~[groovy-2.4.4.jar:2.4.4]
	at groovy.lang.Closure.call(Closure.java:426) ~[groovy-2.4.4.jar:2.4.4]
	at org.codehaus.groovy.runtime.ConvertedClosure.invokeCustom(ConvertedClosure.java:53) ~[groovy-2.4.4.jar:2.4.4]
	at org.codehaus.groovy.runtime.ConversionHandler.invoke(ConversionHandler.java:105) ~[groovy-2.4.4.jar:2.4.4]
	at com.sun.proxy.$Proxy73.doInHibernate(Unknown Source) ~[na:na]
	at org.grails.orm.hibernate.GrailsHibernateTemplate.doExecute(GrailsHibernateTemplate.java:198) ~[grails-datastore-gorm-hibernate4-4.0.6.RELEASE.jar:na]
	... 72 common frames omitted
